[01:51:38] [Client thread/INFO]: Setting user: Player349
[01:51:38] [Client thread/INFO]: (Session ID is token:0:Player349)
[01:51:40] [Client thread/INFO]: LWJGL Version: 2.9.1
[01:51:40] [Client thread/INFO]: Reloading ResourceManager: Default
[01:51:40] [Sound Library Loader/INFO]: Starting up SoundSystem...
[01:51:40] [Client thread/WARN]: File minecraft:sounds/mob/ghast/fireball.ogg does not exist, cannot add it to event minecraft:item.fireCharge.use
[01:51:41] [Thread-9/INFO]: Initializing LWJGL OpenAL
[01:51:41] [Thread-9/INFO]: (The LWJGL binding of OpenAL.  For more information, see http://www.lwjgl.org)
[01:51:41] [Thread-9/INFO]: OpenAL initialized.
[01:51:41] [Sound Library Loader/INFO]: Sound engine started
[01:51:43] [Client thread/INFO]: Created: 512x512 textures-atlas
[01:51:49] [Server thread/INFO]: Starting integrated minecraft server version 1.8
[01:51:49] [Server thread/INFO]: Generating keypair
[01:51:49] [Server thread/INFO]: Preparing start region for level 0
[01:51:50] [Server thread/INFO]: Preparing spawn area: 73%
[01:51:51] [Server thread/INFO]: Changing view distance to 12, from 10
[01:51:51] [Server thread/INFO]: Player349[local:E:e56bdb1b] logged in with entity id 299 at (-425.80193076394175, 70.0, -134.35854397870693)
[01:51:51] [Server thread/INFO]: Player349 joined the game
[01:52:09] [Server thread/INFO]: Saving and pausing game...
[01:52:09] [Server thread/INFO]: Saving chunks for level 'New Worldfzl'/Overworld
[01:52:10] [Server thread/INFO]: Saving chunks for level 'New Worldfzl'/Nether
[01:52:10] [Server thread/INFO]: Saving chunks for level 'New Worldfzl'/The End
[01:52:11] [Client thread/INFO]: Stopping!
[01:52:11] [Client thread/INFO]: SoundSystem shutting down...
[01:52:11] [Server thread/INFO]: Stopping server
[01:52:11] [Server thread/INFO]: Saving players
[01:52:11] [Server thread/INFO]: Saving worlds
[01:52:11] [Server thread/INFO]: Saving chunks for level 'New Worldfzl'/Overworld
[01:52:11] [Server thread/INFO]: Saving chunks for level 'New Worldfzl'/Nether
[01:52:11] [Server thread/INFO]: Saving chunks for level 'New Worldfzl'/The End
[01:52:11] [Client thread/WARN]: Author: Paul Lamb, www.paulscode.com
